  File "/root/sosiski/venv/lib/python3.10/site-packages/aiogram/dispatcher/router.py", line 170, in _propagate_event
    response = await router.propagate_event(update_type=update_type, event=event, **kwargs)
  File "/root/sosiski/venv/lib/python3.10/site-packages/aiogram/dispatcher/router.py", line 142, in propagate_event
    return await observer.wrap_outer_middleware(_wrapped, event=event, data=kwargs)
  File "/root/sosiski/venv/lib/python3.10/site-packages/aiogram/dispatcher/router.py", line 137, in _wrapped
    return await self._propagate_event(
  File "/root/sosiski/venv/lib/python3.10/site-packages/aiogram/dispatcher/router.py", line 162, in _propagate_event
    response = await observer.trigger(event, **kwargs)
  File "/root/sosiski/venv/lib/python3.10/site-packages/aiogram/dispatcher/event/telegram.py", line 121, in trigger
    return await wrapped_inner(event, kwargs)
  File "/root/sosiski/app/ownership_middleware.py", line 25, in __call__
    return await handler(event, data)
  File "/root/sosiski/venv/lib/python3.10/site-packages/aiogram/dispatcher/event/handler.py", line 43, in call
    return await wrapped()
  File "/root/sosiski/app/handlers/sausages.py", line 1050, in my_upgrade_confirm_callback
    db_pool, query.from_user.id, item_id, expected_file, upgraded.file
NameError: name 'expected_file' is not defined
2026-01-13 19:33:45 [INFO] aiohttp.access: 127.0.0.1 [13/Jan/2026:19:33:45 +0000] "GET /miniapp/static/fonts/Unbounded-ExtraBold.ttf HTTP/1.0" 304 179 "https://sosiskibot.ru/miniapp/static/app.css" "Mozilla/5.0 (Windows NT 10.0; Win64; x64) AppleWebKit/537.36 (KHTML, like Gecko) Chrome/143.0.0.0 Safari/537.36 Edg/143.0.0.0"
2026-01-13 19:33:45 [INFO] aiohttp.access: 127.0.0.1 [13/Jan/2026:19:33:45 +0000] "GET /miniapp/static/fonts/Unbounded-Bold.ttf HTTP/1.0" 304 179 "https://sosiskibot.ru/miniapp/static/app.css" "Mozilla/5.0 (Windows NT 10.0; Win64; x64) AppleWebKit/537.36 (KHTML, like Gecko) Chrome/143.0.0.0 Safari/537.36 Edg/143.0.0.0"
2026-01-13 19:33:45 [INFO] aiohttp.access: 127.0.0.1 [13/Jan/2026:19:33:45 +0000] "GET /miniapp/static/fonts/Unbounded-Regular.ttf HTTP/1.0" 304 179 "https://sosiskibot.ru/miniapp/static/app.css" "Mozilla/5.0 (Windows NT 10.0; Win64; x64) AppleWebKit/537.36 (KHTML, like Gecko) Chrome/143.0.0.0 Safari/537.36 Edg/143.0.0.0"
2026-01-13 19:33:45 [INFO] aiohttp.access: 127.0.0.1 [13/Jan/2026:19:33:45 +0000] "GET /miniapp/api/state HTTP/1.0" 200 441 "https://sosiskibot.ru/miniapp" "Mozilla/5.0 (Windows NT 10.0; Win64; x64) AppleWebKit/537.36 (KHTML, like Gecko) Chrome/143.0.0.0 Safari/537.36 Edg/143.0.0.0"
2026-01-13 19:33:51 [INFO] aiohttp.access: 127.0.0.1 [13/Jan/2026:19:33:51 +0000] "POST /telegram HTTP/1.0" 200 159 "-" "-"
2026-01-13 19:33:51 [INFO] aiogram.event: Update id=176358247 is handled. Duration 476 ms by bot id=8416154932
2026-01-13 19:33:55 [INFO] aiohttp.access: 127.0.0.1 [13/Jan/2026:19:33:55 +0000] "POST /telegram HTTP/1.0" 200 159 "-" "-"
2026-01-13 19:33:56 [INFO] aiogram.event: Update id=176358248 is handled. Duration 279 ms by bot id=8416154932
2026-01-13 19:34:08 [INFO] aiohttp.access: 127.0.0.1 [13/Jan/2026:19:34:08 +0000] "POST /telegram HTTP/1.0" 200 159 "-" "-"
2026-01-13 19:34:09 [INFO] aiogram.event: Update id=176358249 is handled. Duration 920 ms by bot id=8416154932
2026-01-13 19:34:10 [INFO] aiohttp.access: 127.0.0.1 [13/Jan/2026:19:34:10 +0000] "POST /telegram HTTP/1.0" 200 159 "-" "-"
2026-01-13 19:34:10 [INFO] aiogram.event: Update id=176358250 is handled. Duration 134 ms by bot id=8416154932
2026-01-13 19:34:11 [INFO] aiohttp.access: 127.0.0.1 [13/Jan/2026:19:34:11 +0000] "POST /telegram HTTP/1.0" 200 159 "-" "-"
2026-01-13 19:34:11 [INFO] aiogram.event: Update id=176358251 is not handled. Duration 48 ms by bot id=8416154932
2026-01-13 19:34:11 [ERROR] asyncio: Task exception was never retrieved
future: <Task finished name='Task-417' coro=<BaseRequestHandler._background_feed_update() done, defined at /root/sosiski/venv/lib/python3.10/site-packages/aiogram/webhook/aiohttp_server.py:137> exception=NameError("name 'expected_file' is not defined")>
Traceback (most recent call last):
  File "/root/sosiski/venv/lib/python3.10/site-packages/aiogram/webhook/aiohttp_server.py", line 138, in _background_feed_update
    result = await self.dispatcher.feed_raw_update(bot=bot, update=update, **self.data)
  File "/root/sosiski/venv/lib/python3.10/site-packages/aiogram/dispatcher/dispatcher.py", line 189, in feed_raw_update
    return await self.feed_update(bot=bot, update=parsed_update, **kwargs)
  File "/root/sosiski/venv/lib/python3.10/site-packages/aiogram/dispatcher/dispatcher.py", line 158, in feed_update
    response = await self.update.wrap_outer_middleware(
  File "/root/sosiski/venv/lib/python3.10/site-packages/aiogram/dispatcher/middlewares/error.py", line 25, in __call__
    return await handler(event, data)
  File "/root/sosiski/venv/lib/python3.10/site-packages/aiogram/dispatcher/middlewares/user_context.py", line 49, in __call__
    return await handler(event, data)
  File "/root/sosiski/venv/lib/python3.10/site-packages/aiogram/fsm/middleware.py", line 42, in __call__
    return await handler(event, data)
  File "/root/sosiski/venv/lib/python3.10/site-packages/aiogram/dispatcher/event/telegram.py", line 121, in trigger
    return await wrapped_inner(event, kwargs)
  File "/root/sosiski/venv/lib/python3.10/site-packages/aiogram/dispatcher/event/handler.py", line 43, in call
    return await wrapped()
  File "/root/sosiski/venv/lib/python3.10/site-packages/aiogram/dispatcher/dispatcher.py", line 276, in _listen_update
    return await self.propagate_event(update_type=update_type, event=event, **kwargs)
  File "/root/sosiski/venv/lib/python3.10/site-packages/aiogram/dispatcher/router.py", line 142, in propagate_event
    return await observer.wrap_outer_middleware(_wrapped, event=event, data=kwargs)
  File "/root/sosiski/venv/lib/python3.10/site-packages/aiogram/dispatcher/router.py", line 137, in _wrapped
    return await self._propagate_event(
  File "/root/sosiski/venv/lib/python3.10/site-packages/aiogram/dispatcher/router.py", line 170, in _propagate_event
    response = await router.propagate_event(update_type=update_type, event=event, **kwargs)
  File "/root/sosiski/venv/lib/python3.10/site-packages/aiogram/dispatcher/router.py", line 142, in propagate_event
    return await observer.wrap_outer_middleware(_wrapped, event=event, data=kwargs)
  File "/root/sosiski/venv/lib/python3.10/site-packages/aiogram/dispatcher/router.py", line 137, in _wrapped
    return await self._propagate_event(
  File "/root/sosiski/venv/lib/python3.10/site-packages/aiogram/dispatcher/router.py", line 162, in _propagate_event
    response = await observer.trigger(event, **kwargs)
  File "/root/sosiski/venv/lib/python3.10/site-packages/aiogram/dispatcher/event/telegram.py", line 121, in trigger
    return await wrapped_inner(event, kwargs)
  File "/root/sosiski/app/ownership_middleware.py", line 25, in __call__
    return await handler(event, data)
  File "/root/sosiski/venv/lib/python3.10/site-packages/aiogram/dispatcher/event/handler.py", line 43, in call
    return await wrapped()
  File "/root/sosiski/app/handlers/sausages.py", line 1050, in my_upgrade_confirm_callback
    db_pool, query.from_user.id, item_id, expected_file, upgraded.file
NameError: name 'expected_file' is not defined
2026-01-13 19:34:12 [INFO] aiohttp.access: 127.0.0.1 [13/Jan/2026:19:34:12 +0000] "POST /telegram HTTP/1.0" 200 159 "-" "-"
2026-01-13 19:34:12 [INFO] aiogram.event: Update id=176358252 is handled. Duration 195 ms by bot id=8416154932
2026-01-13 19:34:15 [INFO] aiohttp.access: 127.0.0.1 [13/Jan/2026:19:34:15 +0000] "POST /telegram HTTP/1.0" 200 159 "-" "-"
2026-01-13 19:34:16 [INFO] aiogram.event: Update id=176358253 is handled. Duration 1022 ms by bot id=8416154932
2026-01-13 19:34:24 [INFO] aiohttp.access: 127.0.0.1 [13/Jan/2026:19:34:24 +0000] "POST /telegram HTTP/1.0" 200 159 "-" "-"
2026-01-13 19:34:24 [INFO] aiogram.event: Update id=176358254 is not handled. Duration 28 ms by bot id=8416154932
2026-01-13 19:34:24 [ERROR] asyncio: Task exception was never retrieved
future: <Task finished name='Task-441' coro=<BaseRequestHandler._background_feed_update() done, defined at /root/sosiski/venv/lib/python3.10/site-packages/aiogram/webhook/aiohttp_server.py:137> exception=NameError("name 'expected_file' is not defined")>
Traceback (most recent call last):
  File "/root/sosiski/venv/lib/python3.10/site-packages/aiogram/webhook/aiohttp_server.py", line 138, in _background_feed_update
    result = await self.dispatcher.feed_raw_update(bot=bot, update=update, **self.data)
  File "/root/sosiski/venv/lib/python3.10/site-packages/aiogram/dispatcher/dispatcher.py", line 189, in feed_raw_update
    return await self.feed_update(bot=bot, update=parsed_update, **kwargs)
  File "/root/sosiski/venv/lib/python3.10/site-packages/aiogram/dispatcher/dispatcher.py", line 158, in feed_update
    response = await self.update.wrap_outer_middleware(
  File "/root/sosiski/venv/lib/python3.10/site-packages/aiogram/dispatcher/middlewares/error.py", line 25, in __call__
    return await handler(event, data)
  File "/root/sosiski/venv/lib/python3.10/site-packages/aiogram/dispatcher/middlewares/user_context.py", line 49, in __call__
    return await handler(event, data)
  File "/root/sosiski/venv/lib/python3.10/site-packages/aiogram/fsm/middleware.py", line 42, in __call__
    return await handler(event, data)
  File "/root/sosiski/venv/lib/python3.10/site-packages/aiogram/dispatcher/event/telegram.py", line 121, in trigger
    return await wrapped_inner(event, kwargs)
  File "/root/sosiski/venv/lib/python3.10/site-packages/aiogram/dispatcher/event/handler.py", line 43, in call
    return await wrapped()
  File "/root/sosiski/venv/lib/python3.10/site-packages/aiogram/dispatcher/dispatcher.py", line 276, in _listen_update
    return await self.propagate_event(update_type=update_type, event=event, **kwargs)
  File "/root/sosiski/venv/lib/python3.10/site-packages/aiogram/dispatcher/router.py", line 142, in propagate_event
    return await observer.wrap_outer_middleware(_wrapped, event=event, data=kwargs)
  File "/root/sosiski/venv/lib/python3.10/site-packages/aiogram/dispatcher/router.py", line 137, in _wrapped
    return await self._propagate_event(
  File "/root/sosiski/venv/lib/python3.10/site-packages/aiogram/dispatcher/router.py", line 170, in _propagate_event
    response = await router.propagate_event(update_type=update_type, event=event, **kwargs)
  File "/root/sosiski/venv/lib/python3.10/site-packages/aiogram/dispatcher/router.py", line 142, in propagate_event
    return await observer.wrap_outer_middleware(_wrapped, event=event, data=kwargs)
  File "/root/sosiski/venv/lib/python3.10/site-packages/aiogram/dispatcher/router.py", line 137, in _wrapped
    return await self._propagate_event(
  File "/root/sosiski/venv/lib/python3.10/site-packages/aiogram/dispatcher/router.py", line 162, in _propagate_event
    response = await observer.trigger(event, **kwargs)
  File "/root/sosiski/venv/lib/python3.10/site-packages/aiogram/dispatcher/event/telegram.py", line 121, in trigger
    return await wrapped_inner(event, kwargs)
  File "/root/sosiski/app/ownership_middleware.py", line 25, in __call__
    return await handler(event, data)
  File "/root/sosiski/venv/lib/python3.10/site-packages/aiogram/dispatcher/event/handler.py", line 43, in call
    return await wrapped()
  File "/root/sosiski/app/handlers/sausages.py", line 1028, in my_upgrade_confirm_callback
    db_pool, query.from_user.id, item_id, expected_file
NameError: name 'expected_file' is not defined
2026-01-13 19:34:30 [INFO] aiohttp.access: 127.0.0.1 [13/Jan/2026:19:34:30 +0000] "POST /telegram HTTP/1.0" 200 159 "-" "-"
2026-01-13 19:34:30 [INFO] aiogram.event: Update id=176358255 is handled. Duration 227 ms by bot id=8416154932
2026-01-13 19:34:31 [INFO] aiohttp.access: 127.0.0.1 [13/Jan/2026:19:34:31 +0000] "POST /telegram HTTP/1.0" 200 159 "-" "-"
2026-01-13 19:34:32 [INFO] aiogram.event: Update id=176358256 is handled. Duration 357 ms by bot id=8416154932
2026-01-13 19:34:32 [INFO] aiohttp.access: 127.0.0.1 [13/Jan/2026:19:34:32 +0000] "POST /telegram HTTP/1.0" 200 159 "-" "-"
2026-01-13 19:34:33 [INFO] aiogram.event: Update id=176358257 is handled. Duration 177 ms by bot id=8416154932
2026-01-13 19:34:40 [INFO] aiohttp.access: 127.0.0.1 [13/Jan/2026:19:34:40 +0000] "POST /telegram HTTP/1.0" 200 159 "-" "-"
2026-01-13 19:34:40 [INFO] aiogram.event: Update id=176358258 is handled. Duration 214 ms by bot id=8416154932
2026-01-13 19:34:42 [INFO] aiohttp.access: 127.0.0.1 [13/Jan/2026:19:34:42 +0000] "POST /telegram HTTP/1.0" 200 159 "-" "-"
2026-01-13 19:34:43 [INFO] aiogram.event: Update id=176358259 is handled. Duration 318 ms by bot id=8416154932
2026-01-13 19:34:45 [INFO] aiohttp.access: 127.0.0.1 [13/Jan/2026:19:34:45 +0000] "POST /telegram HTTP/1.0" 200 159 "-" "-"
2026-01-13 19:34:45 [INFO] aiogram.event: Update id=176358260 is handled. Duration 286 ms by bot id=8416154932
2026-01-13 19:34:47 [INFO] aiohttp.access: 127.0.0.1 [13/Jan/2026:19:34:47 +0000] "POST /telegram HTTP/1.0" 200 159 "-" "-"
2026-01-13 19:34:47 [INFO] aiogram.event: Update id=176358261 is handled. Duration 131 ms by bot id=8416154932
2026-01-13 19:34:48 [INFO] aiohttp.access: 127.0.0.1 [13/Jan/2026:19:34:48 +0000] "POST /telegram HTTP/1.0" 200 159 "-" "-"
2026-01-13 19:34:48 [INFO] aiogram.event: Update id=176358262 is not handled. Duration 41 ms by bot id=8416154932
2026-01-13 19:34:48 [ERROR] asyncio: Task exception was never retrieved
future: <Task finished name='Task-493' coro=<BaseRequestHandler._background_feed_update() done, defined at /root/sosiski/venv/lib/python3.10/site-packages/aiogram/webhook/aiohttp_server.py:137> exception=NameError("name 'expected_file' is not defined")>
Traceback (most recent call last):
  File "/root/sosiski/venv/lib/python3.10/site-packages/aiogram/webhook/aiohttp_server.py", line 138, in _background_feed_update
    result = await self.dispatcher.feed_raw_update(bot=bot, update=update, **self.data)
  File "/root/sosiski/venv/lib/python3.10/site-packages/aiogram/dispatcher/dispatcher.py", line 189, in feed_raw_update
    return await self.feed_update(bot=bot, update=parsed_update, **kwargs)
  File "/root/sosiski/venv/lib/python3.10/site-packages/aiogram/dispatcher/dispatcher.py", line 158, in feed_update
    response = await self.update.wrap_outer_middleware(
  File "/root/sosiski/venv/lib/python3.10/site-packages/aiogram/dispatcher/middlewares/error.py", line 25, in __call__
    return await handler(event, data)
  File "/root/sosiski/venv/lib/python3.10/site-packages/aiogram/dispatcher/middlewares/user_context.py", line 49, in __call__
    return await handler(event, data)
  File "/root/sosiski/venv/lib/python3.10/site-packages/aiogram/fsm/middleware.py", line 42, in __call__
    return await handler(event, data)
  File "/root/sosiski/venv/lib/python3.10/site-packages/aiogram/dispatcher/event/telegram.py", line 121, in trigger
    return await wrapped_inner(event, kwargs)
  File "/root/sosiski/venv/lib/python3.10/site-packages/aiogram/dispatcher/event/handler.py", line 43, in call
    return await wrapped()
  File "/root/sosiski/venv/lib/python3.10/site-packages/aiogram/dispatcher/dispatcher.py", line 276, in _listen_update
    return await self.propagate_event(update_type=update_type, event=event, **kwargs)
  File "/root/sosiski/venv/lib/python3.10/site-packages/aiogram/dispatcher/router.py", line 142, in propagate_event
    return await observer.wrap_outer_middleware(_wrapped, event=event, data=kwargs)
  File "/root/sosiski/venv/lib/python3.10/site-packages/aiogram/dispatcher/router.py", line 137, in _wrapped
    return await self._propagate_event(
  File "/root/sosiski/venv/lib/python3.10/site-packages/aiogram/dispatcher/router.py", line 170, in _propagate_event
    response = await router.propagate_event(update_type=update_type, event=event, **kwargs)
  File "/root/sosiski/venv/lib/python3.10/site-packages/aiogram/dispatcher/router.py", line 142, in propagate_event
    return await observer.wrap_outer_middleware(_wrapped, event=event, data=kwargs)
  File "/root/sosiski/venv/lib/python3.10/site-packages/aiogram/dispatcher/router.py", line 137, in _wrapped
    return await self._propagate_event(
  File "/root/sosiski/venv/lib/python3.10/site-packages/aiogram/dispatcher/router.py", line 162, in _propagate_event
    response = await observer.trigger(event, **kwargs)
  File "/root/sosiski/venv/lib/python3.10/site-packages/aiogram/dispatcher/event/telegram.py", line 121, in trigger
    return await wrapped_inner(event, kwargs)
  File "/root/sosiski/app/ownership_middleware.py", line 25, in __call__
    return await handler(event, data)
  File "/root/sosiski/venv/lib/python3.10/site-packages/aiogram/dispatcher/event/handler.py", line 43, in call
    return await wrapped()
  File "/root/sosiski/app/handlers/sausages.py", line 1050, in my_upgrade_confirm_callback
    db_pool, query.from_user.id, item_id, expected_file, upgraded.file
NameError: name 'expected_file' is not defined
2026-01-13 19:34:49 [INFO] aiohttp.access: 127.0.0.1 [13/Jan/2026:19:34:49 +0000] "POST /telegram HTTP/1.0" 200 159 "-" "-"
2026-01-13 19:34:50 [INFO] aiogram.event: Update id=176358263 is handled. Duration 236 ms by bot id=8416154932
2026-01-13 19:34:54 [INFO] aiohttp.access: 127.0.0.1 [13/Jan/2026:19:34:54 +0000] "POST /telegram HTTP/1.0" 200 159 "-" "-"
2026-01-13 19:34:54 [INFO] aiogram.event: Update id=176358264 is handled. Duration 23 ms by bot id=8416154932
2026-01-13 19:35:01 [INFO] aiohttp.access: 127.0.0.1 [13/Jan/2026:19:35:01 +0000] "POST /telegram HTTP/1.0" 200 159 "-" "-"
2026-01-13 19:35:01 [INFO] aiogram.event: Update id=176358265 is handled. Duration 133 ms by bot id=8416154932
2026-01-13 19:35:01 [INFO] aiohttp.access: 127.0.0.1 [13/Jan/2026:19:35:01 +0000] "POST /telegram HTTP/1.0" 200 159 "-" "-"
2026-01-13 19:35:02 [INFO] aiogram.event: Update id=176358266 is handled. Duration 239 ms by bot id=8416154932
2026-01-13 19:35:08 [INFO] aiohttp.access: 127.0.0.1 [13/Jan/2026:19:35:08 +0000] "POST /telegram HTTP/1.0" 200 159 "-" "-"
2026-01-13 19:35:08 [INFO] aiogram.event: Update id=176358267 is handled. Duration 631 ms by bot id=8416154932
2026-01-13 19:35:10 [INFO] aiohttp.access: 127.0.0.1 [13/Jan/2026:19:35:10 +0000] "POST /telegram HTTP/1.0" 200 159 "-" "-"
2026-01-13 19:35:11 [INFO] aiogram.event: Update id=176358268 is handled. Duration 1702 ms by bot id=8416154932
2026-01-13 19:35:21 [INFO] aiohttp.access: 127.0.0.1 [13/Jan/2026:19:35:21 +0000] "POST /telegram HTTP/1.0" 200 159 "-" "-"
2026-01-13 19:35:21 [INFO] aiogram.event: Update id=176358269 is handled. Duration 28 ms by bot id=8416154932
2026-01-13 19:35:21 [INFO] aiohttp.access: 127.0.0.1 [13/Jan/2026:19:35:21 +0000] "POST /telegram HTTP/1.0" 200 159 "-" "-"
2026-01-13 19:35:21 [INFO] aiogram.event: Update id=176358270 is handled. Duration 90 ms by bot id=8416154932
2026-01-13 19:35:40 [INFO] aiohttp.access: 127.0.0.1 [13/Jan/2026:19:35:40 +0000] "POST /telegram HTTP/1.0" 200 159 "-" "-"
2026-01-13 19:35:40 [INFO] aiogram.event: Update id=176358271 is handled. Duration 21 ms by bot id=8416154932
2026-01-13 19:35:40 [INFO] aiohttp.access: 127.0.0.1 [13/Jan/2026:19:35:40 +0000] "POST /telegram HTTP/1.0" 200 159 "-" "-"
2026-01-13 19:35:40 [INFO] aiogram.event: Update id=176358272 is handled. Duration 192 ms by bot id=8416154932
2026-01-13 19:35:59 [INFO] aiohttp.access: 127.0.0.1 [13/Jan/2026:19:35:59 +0000] "POST /telegram HTTP/1.0" 200 159 "-" "-"